ean_max_load_factor; 1.89
ean_prop_activities; 6654
ean_prop_activities_change; 4918
ean_prop_activities_drive; 694
ean_prop_activities_feas; 1736
ean_prop_activities_headway; 0
ean_prop_activities_objective; 2321
ean_prop_activities_od; 1789
ean_prop_activities_od_change; 585
ean_prop_activities_od_drive; 655
ean_prop_activities_od_wait; 549
ean_prop_activities_wait; 592
ean_prop_change_od_max; 1250
ean_prop_change_od_min; 202.38095
ean_prop_events; 1388
ean_prop_events_arrival; 694
ean_prop_events_departure; 694
ean_prop_headways_dep; true
ean_prop_headways_interstation; false
ean_time_average; 38.21114
