ro_prop_stations_at_begin_or_end; 16
ro_prop_trips; 135
ro_trips_feasible; true
vs_average_waiting_time; 15.57
vs_circulations; 9
vs_cost; 2905583.8333333335
vs_empty_cost; 2902058.3333333335
vs_empty_distance; 30.0
vs_empty_distance_with_depot; 510.0
vs_empty_duration_driving; 107.0
vs_empty_duration_standing; 1557.0
vs_empty_duration_with_depot; 3104.0
vs_empty_trips; 6
vs_empty_trips_depot; 59
vs_feasible; true
vs_full_distance; 1282.0
vs_full_duration; 3846.0
vs_maximal_waiting_time; 56.0
vs_minimal_waiting_time; 2.0
vs_vehicles; 29
