ean_prop_activities; 1734
ean_prop_activities_change; 1350
ean_prop_activities_drive; 182
ean_prop_activities_headway; 0
ean_prop_activities_od; 506
ean_prop_activities_od_change; 201
ean_prop_activities_od_drive; 175
ean_prop_activities_od_wait; 130
ean_prop_activities_wait; 144
ean_prop_events; 364
ean_prop_events_arrival; 182
ean_prop_events_departure; 182
ean_time_average; 10.23
lc_average_distance; 309.35
lc_average_edges; 4.77
lc_average_length; 9.54
lc_cost; 963.65
lc_feasible; true
lc_min_distance; 100
lc_min_edges; 1
lc_min_length; 2
lc_obj_direct_travellers_sp; 1682
lc_obj_game; 467
lc_prop_directed_lines; 26
lc_prop_freq_max; 3
lc_time_average; 22.16
lc_var_distance; 11996.36
lc_var_edges; 1.56
lc_var_length; 6.25
lpool_cost; 1620.85
lpool_feasible_circles; true
lpool_feasible_od; true
lpool_prop_directed_lines; 64
lpool_time_average; 21.67
od_prop_entries_greater_zero; 567
od_prop_overall_sum; 2546
ptn_feasible_od; true
ptn_obj_stops; 25
ptn_prop_edges; 40
ptn_time_average; 8.70
tim_feasible; true
tim_obj_ptt1; 60442
tim_obj_slack_average; 22
tim_perceived_time_average; 20.62
tim_time_average; 18.91
dm_feasible; true
dm_obj_changes_missed_od; 6
dm_obj_delay_events_average; 44.23750855578371
dm_obj_dm2; 459689
dm_obj_dm2_average; 180.5534171249018
dm_prop_events_delayed; 133
dm_prop_headways_swapped; 0
dm_time_average; 3870.6658811207126
